
> newsi@0.1.0 build
> next build

▲ Next.js 16.1.1 (Turbopack)
- Environments: .env.local

⚠ The "middleware" file convention is deprecated. Please use "proxy" instead. Learn more: https://nextjs.org/docs/messages/middleware-to-proxy
  Creating an optimized production build ...
✓ Compiled successfully in 7.5s
  Running TypeScript ...
  Collecting page data using 11 workers ...
(node:1768750) [MONGOOSE] Warning: Duplicate schema index on {"shipmentNumber":1} found. This is often due to declaring an index using both "index: true" and "schema.index()". Please remove the duplicate index definition.
(Use `node --trace-warnings ...` to show where the warning was created)
(node:1768750) [MONGOOSE] Warning: Duplicate schema index on {"incidentNumber":1} found. This is often due to declaring an index using both "index: true" and "schema.index()". Please remove the duplicate index definition.
(node:1768750) [MONGOOSE] Warning: Duplicate schema index on {"complaintNumber":1} found. This is often due to declaring an index using both "index: true" and "schema.index()". Please remove the duplicate index definition.
(node:1768843) [MONGOOSE] Warning: Duplicate schema index on {"complaintNumber":1} found. This is often due to declaring an index using both "index: true" and "schema.index()". Please remove the duplicate index definition.
(Use `node --trace-warnings ...` to show where the warning was created)
(node:1768850) [MONGOOSE] Warning: Duplicate schema index on {"shipmentNumber":1} found. This is often due to declaring an index using both "index: true" and "schema.index()". Please remove the duplicate index definition.
(Use `node --trace-warnings ...` to show where the warning was created)
(node:1768850) [MONGOOSE] Warning: Duplicate schema index on {"invoiceNumber":1} found. This is often due to declaring an index using both "index: true" and "schema.index()". Please remove the duplicate index definition.
(node:1768843) [MONGOOSE] Warning: Duplicate schema index on {"incidentNumber":1} found. This is often due to declaring an index using both "index: true" and "schema.index()". Please remove the duplicate index definition.
(node:1768750) [MONGOOSE] Warning: Duplicate schema index on {"invoiceNumber":1} found. This is often due to declaring an index using both "index: true" and "schema.index()". Please remove the duplicate index definition.
(node:1768750) [MONGOOSE] Warning: Duplicate schema index on {"paymentNumber":1} found. This is often due to declaring an index using both "index: true" and "schema.index()". Please remove the duplicate index definition.
(node:1768743) [MONGOOSE] Warning: Duplicate schema index on {"invoiceNumber":1} found. This is often due to declaring an index using both "index: true" and "schema.index()". Please remove the duplicate index definition.
(Use `node --trace-warnings ...` to show where the warning was created)
(node:1768843) [MONGOOSE] Warning: Duplicate schema index on {"invoiceNumber":1} found. This is often due to declaring an index using both "index: true" and "schema.index()". Please remove the duplicate index definition.
(node:1768843) [MONGOOSE] Warning: Duplicate schema index on {"shipmentNumber":1} found. This is often due to declaring an index using both "index: true" and "schema.index()". Please remove the duplicate index definition.
(node:1768843) [MONGOOSE] Warning: Duplicate schema index on {"paymentNumber":1} found. This is often due to declaring an index using both "index: true" and "schema.index()". Please remove the duplicate index definition.
(node:1768743) [MONGOOSE] Warning: Duplicate schema index on {"shipmentNumber":1} found. This is often due to declaring an index using both "index: true" and "schema.index()". Please remove the duplicate index definition.
(node:1768743) [MONGOOSE] Warning: Duplicate schema index on {"paymentNumber":1} found. This is often due to declaring an index using both "index: true" and "schema.index()". Please remove the duplicate index definition.
(node:1768850) [MONGOOSE] Warning: Duplicate schema index on {"paymentNumber":1} found. This is often due to declaring an index using both "index: true" and "schema.index()". Please remove the duplicate index definition.
(node:1768857) [MONGOOSE] Warning: Duplicate schema index on {"shipmentNumber":1} found. This is often due to declaring an index using both "index: true" and "schema.index()". Please remove the duplicate index definition.
(Use `node --trace-warnings ...` to show where the warning was created)
(node:1768857) [MONGOOSE] Warning: Duplicate schema index on {"invoiceNumber":1} found. This is often due to declaring an index using both "index: true" and "schema.index()". Please remove the duplicate index definition.
(node:1768864) [MONGOOSE] Warning: Duplicate schema index on {"invoiceNumber":1} found. This is often due to declaring an index using both "index: true" and "schema.index()". Please remove the duplicate index definition.
(Use `node --trace-warnings ...` to show where the warning was created)
(node:1768864) [MONGOOSE] Warning: Duplicate schema index on {"paymentNumber":1} found. This is often due to declaring an index using both "index: true" and "schema.index()". Please remove the duplicate index definition.
(node:1768737) [MONGOOSE] Warning: Duplicate schema index on {"shipmentNumber":1} found. This is often due to declaring an index using both "index: true" and "schema.index()". Please remove the duplicate index definition.
(Use `node --trace-warnings ...` to show where the warning was created)
(node:1768737) [MONGOOSE] Warning: Duplicate schema index on {"invoiceNumber":1} found. This is often due to declaring an index using both "index: true" and "schema.index()". Please remove the duplicate index definition.
  Generating static pages using 11 workers (0/73) ...
(node:1768760) [MONGOOSE] Warning: Duplicate schema index on {"paymentNumber":1} found. This is often due to declaring an index using both "index: true" and "schema.index()". Please remove the duplicate index definition.
(Use `node --trace-warnings ...` to show where the warning was created)
(node:1768760) [MONGOOSE] Warning: Duplicate schema index on {"shipmentNumber":1} found. This is often due to declaring an index using both "index: true" and "schema.index()". Please remove the duplicate index definition.
(node:1768760) [MONGOOSE] Warning: Duplicate schema index on {"invoiceNumber":1} found. This is often due to declaring an index using both "index: true" and "schema.index()". Please remove the duplicate index definition.
The width(-1) and height(-1) of chart should be greater than 0,
       please check the style of container, or the props width(100%) and height(100%),
       or add a minWidth(0) or minHeight(undefined) or use aspect(undefined) to control the
       height and width.
The width(-1) and height(-1) of chart should be greater than 0,
       please check the style of container, or the props width(100%) and height(100%),
       or add a minWidth(0) or minHeight(undefined) or use aspect(undefined) to control the
       height and width.
  Generating static pages using 11 workers (18/73) 
  Generating static pages using 11 workers (36/73) 
  Generating static pages using 11 workers (54/73) 
✓ Generating static pages using 11 workers (73/73) in 665.5ms
  Finalizing page optimization ...

Route (app)
┌ ○ /
├ ○ /_not-found
├ ○ /admin/audit-logs
├ ○ /admin/dashboard
├ ○ /admin/settings
├ ○ /admin/users
├ ƒ /admin/users/[id]
├ ○ /admin/users/create
├ ○ /agent/analytics
├ ○ /agent/analytics/commercial
├ ○ /agent/analytics/custom
├ ○ /agent/analytics/financial
├ ○ /agent/analytics/operational
├ ○ /agent/clients
├ ○ /agent/complaints
├ ƒ /agent/complaints/[id]
├ ○ /agent/complaints/create
├ ○ /agent/dashboard
├ ○ /agent/destinations
├ ○ /agent/drivers
├ ○ /agent/favorites
├ ○ /agent/incidents
├ ƒ /agent/incidents/[id]
├ ○ /agent/incidents/report
├ ○ /agent/invoices
├ ƒ /agent/invoices/[id]
├ ○ /agent/invoices/generate
├ ○ /agent/payments
├ ○ /agent/pricing
├ ○ /agent/service-types
├ ○ /agent/shipments
├ ƒ /agent/shipments/[id]
├ ○ /agent/shipments/create
├ ○ /agent/support/analytics
├ ○ /agent/tours
├ ○ /agent/tours/%5Bid%5D
├ ○ /agent/tours/create
├ ○ /agent/vehicles
├ ƒ /api/admin/registrations
├ ƒ /api/admin/registrations/[id]/approve
├ ƒ /api/admin/registrations/[id]/reject
├ ƒ /api/admin/stats
├ ƒ /api/agent/stats
├ ƒ /api/analytics/commercial
├ ƒ /api/analytics/financial
├ ƒ /api/analytics/operational
├ ƒ /api/audit-logs
├ ƒ /api/auth/[...nextauth]
├ ƒ /api/auth/signup
├ ƒ /api/clients
├ ƒ /api/clients/[id]
├ ƒ /api/complaints
├ ƒ /api/complaints/[id]
├ ƒ /api/destinations
├ ƒ /api/destinations/[id]
├ ƒ /api/drivers
├ ƒ /api/drivers/[id]
├ ƒ /api/favorites
├ ƒ /api/favorites/[id]
├ ƒ /api/incidents
├ ƒ /api/incidents/[id]
├ ƒ /api/invoices
├ ƒ /api/invoices/[id]
├ ƒ /api/invoices/[id]/payments
├ ƒ /api/invoices/[id]/pdf
├ ƒ /api/invoices/generate
├ ƒ /api/notifications
├ ƒ /api/payments
├ ƒ /api/payments/[id]
├ ƒ /api/pricing
├ ƒ /api/pricing/[id]
├ ƒ /api/search
├ ƒ /api/service-types
├ ƒ /api/service-types/[id]
├ ƒ /api/settings
├ ƒ /api/shipments
├ ƒ /api/shipments/[id]
├ ƒ /api/shipments/[id]/status
├ ƒ /api/shipments/calculate-price
├ ƒ /api/shipments/tracking/[id]
├ ƒ /api/tours
├ ƒ /api/tours/[id]
├ ƒ /api/tours/[id]/complete
├ ƒ /api/tours/performance
├ ƒ /api/upload
├ ƒ /api/users
├ ƒ /api/users/[id]
├ ƒ /api/vehicles
├ ƒ /api/vehicles/[id]
├ ○ /auth/forgot-password
├ ○ /auth/reset-password
├ ƒ /dashboard
├ ƒ /driver/dashboard
├ ○ /notifications
├ ○ /profile
├ ○ /search
├ ○ /signin-up
└ ○ /track


ƒ Proxy (Middleware)

○  (Static)   prerendered as static content
ƒ  (Dynamic)  server-rendered on demand

